<?xml version="1.0" encoding="UTF-8"?>
<testsuite xmlns:xsi="http://www.w3.org/2001/XMLSchema-instance" xsi:noNamespaceSchemaLocation="https://maven.apache.org/surefire/maven-surefire-plugin/xsd/surefire-test-report-3.0.xsd" version="3.0" name="br.edu.lab5.TrianguloTest" time="0.101" tests="20" errors="0" skipped="0" failures="0">
  <properties>
    <property name="java.specification.version" value="17"/>
    <property name="sun.cpu.isalist" value="amd64"/>
    <property name="sun.jnu.encoding" value="Cp1252"/>
    <property name="java.class.path" value="C:\Users\gabmo\OneDrive\Documentos\projetos\TDDNadalete\target\test-classes;C:\Users\gabmo\OneDrive\Documentos\projetos\TDDNadalete\target\classes;C:\Users\gabmo\.m2\repository\org\junit\jupiter\junit-jupiter\5.10.2\junit-jupiter-5.10.2.jar;C:\Users\gabmo\.m2\repository\org\junit\jupiter\junit-jupiter-api\5.10.2\junit-jupiter-api-5.10.2.jar;C:\Users\gabmo\.m2\repository\org\opentest4j\opentest4j\1.3.0\opentest4j-1.3.0.jar;C:\Users\gabmo\.m2\repository\org\junit\platform\junit-platform-commons\1.10.2\junit-platform-commons-1.10.2.jar;C:\Users\gabmo\.m2\repository\org\junit\jupiter\junit-jupiter-engine\5.10.2\junit-jupiter-engine-5.10.2.jar;C:\Users\gabmo\.m2\repository\org\junit\platform\junit-platform-engine\1.10.2\junit-platform-engine-1.10.2.jar;C:\Users\gabmo\.m2\repository\org\junit\jupiter\junit-jupiter-params\5.10.2\junit-jupiter-params-5.10.2.jar;C:\Users\gabmo\.m2\repository\org\apiguardian\apiguardian-api\1.1.2\apiguardian-api-1.1.2.jar;C:\Users\gabmo\.m2\repository\org\projectlombok\lombok\1.18.30\lombok-1.18.30.jar;"/>
    <property name="java.vm.vendor" value="Oracle Corporation"/>
    <property name="sun.arch.data.model" value="64"/>
    <property name="user.variant" value=""/>
    <property name="java.vendor.url" value="https://java.oracle.com/"/>
    <property name="user.timezone" value="America/Sao_Paulo"/>
    <property name="os.name" value="Windows 11"/>
    <property name="java.vm.specification.version" value="17"/>
    <property name="sun.java.launcher" value="SUN_STANDARD"/>
    <property name="user.country" value="BR"/>
    <property name="sun.boot.library.path" value="C:\Program Files\Java\jdk-17\bin"/>
    <property name="sun.java.command" value="C:\Users\gabmo\AppData\Local\Temp\surefire9098713638015490010\surefirebooter-20250405163132869_3.jar C:\Users\gabmo\AppData\Local\Temp\surefire9098713638015490010 2025-04-05T16-31-32_672-jvmRun1 surefire-20250405163132869_1tmp surefire_0-20250405163132869_2tmp"/>
    <property name="jdk.debug" value="release"/>
    <property name="surefire.test.class.path" value="C:\Users\gabmo\OneDrive\Documentos\projetos\TDDNadalete\target\test-classes;C:\Users\gabmo\OneDrive\Documentos\projetos\TDDNadalete\target\classes;C:\Users\gabmo\.m2\repository\org\junit\jupiter\junit-jupiter\5.10.2\junit-jupiter-5.10.2.jar;C:\Users\gabmo\.m2\repository\org\junit\jupiter\junit-jupiter-api\5.10.2\junit-jupiter-api-5.10.2.jar;C:\Users\gabmo\.m2\repository\org\opentest4j\opentest4j\1.3.0\opentest4j-1.3.0.jar;C:\Users\gabmo\.m2\repository\org\junit\platform\junit-platform-commons\1.10.2\junit-platform-commons-1.10.2.jar;C:\Users\gabmo\.m2\repository\org\junit\jupiter\junit-jupiter-engine\5.10.2\junit-jupiter-engine-5.10.2.jar;C:\Users\gabmo\.m2\repository\org\junit\platform\junit-platform-engine\1.10.2\junit-platform-engine-1.10.2.jar;C:\Users\gabmo\.m2\repository\org\junit\jupiter\junit-jupiter-params\5.10.2\junit-jupiter-params-5.10.2.jar;C:\Users\gabmo\.m2\repository\org\apiguardian\apiguardian-api\1.1.2\apiguardian-api-1.1.2.jar;C:\Users\gabmo\.m2\repository\org\projectlombok\lombok\1.18.30\lombok-1.18.30.jar;"/>
    <property name="sun.cpu.endian" value="little"/>
    <property name="user.home" value="C:\Users\gabmo"/>
    <property name="user.language" value="pt"/>
    <property name="java.specification.vendor" value="Oracle Corporation"/>
    <property name="java.version.date" value="2024-07-16"/>
    <property name="java.home" value="C:\Program Files\Java\jdk-17"/>
    <property name="file.separator" value="\"/>
    <property name="basedir" value="C:\Users\gabmo\OneDrive\Documentos\projetos\TDDNadalete"/>
    <property name="java.vm.compressedOopsMode" value="32-bit"/>
    <property name="line.separator" value="&#10;"/>
    <property name="java.vm.specification.vendor" value="Oracle Corporation"/>
    <property name="java.specification.name" value="Java Platform API Specification"/>
    <property name="surefire.real.class.path" value="C:\Users\gabmo\AppData\Local\Temp\surefire9098713638015490010\surefirebooter-20250405163132869_3.jar"/>
    <property name="user.script" value=""/>
    <property name="sun.management.compiler" value="HotSpot 64-Bit Tiered Compilers"/>
    <property name="java.runtime.version" value="17.0.12+8-LTS-286"/>
    <property name="user.name" value="gabmo"/>
    <property name="path.separator" value=";"/>
    <property name="os.version" value="10.0"/>
    <property name="java.runtime.name" value="Java(TM) SE Runtime Environment"/>
    <property name="file.encoding" value="Cp1252"/>
    <property name="java.vm.name" value="Java HotSpot(TM) 64-Bit Server VM"/>
    <property name="localRepository" value="C:\Users\gabmo\.m2\repository"/>
    <property name="java.vendor.url.bug" value="https://bugreport.java.com/bugreport/"/>
    <property name="java.io.tmpdir" value="C:\Users\gabmo\AppData\Local\Temp\"/>
    <property name="java.version" value="17.0.12"/>
    <property name="user.dir" value="C:\Users\gabmo\OneDrive\Documentos\projetos\TDDNadalete"/>
    <property name="os.arch" value="amd64"/>
    <property name="java.vm.specification.name" value="Java Virtual Machine Specification"/>
    <property name="sun.os.patch.level" value=""/>
    <property name="native.encoding" value="Cp1252"/>
    <property name="java.library.path" value="C:\Program Files\Java\jdk-17\bin;C:\WINDOWS\Sun\Java\bin;C:\WINDOWS\system32;C:\WINDOWS;C:\Program Files\nodejs\;C:\Program Files\ffmpeg-2025-02-26-git-99e2af4e78-full_build\bin;C:\Program Files\Docker\Docker\resources\bin;C:\PROGRA~1\Red Gate\Flyway Desktop\;C:\Program Files\PostgreSQL\17\bin;C:\Program Files\sonarqube-25.3.0.104237\bin;C:\Program Files\apache-maven-3.9.9\bin;C:\Users\gabmo\AppData\Local\Programs\Python\Python313\Scripts\;C:\Users\gabmo\AppData\Local\Programs\Python\Python313\;C:\Users\gabmo\AppData\Local\Programs\Python\Launcher\;C:\Program Files\MySQL\MySQL Shell 8.0\bin\;C:\Program Files\Java\jdk-17\bin;C:\Users\gabmo\AppData\Local\Programs\Microsoft VS Code\bin;C:\Users\gabmo\AppData\Local\Microsoft\WindowsApps;C:\Users\gabmo\AppData\Local\GitHubDesktop\bin;C:\Program Files\sonar-scanner-7.0.2.4839-windows-x64\bin;C:\Program Files\Docker\Docker\resources\bin;C:\Users\gabmo\AppData\Local\Microsoft\WinGet\Packages\Schniz.fnm_Microsoft.Winget.Source_8wekyb3d8bbwe;C:\Users\gabmo\AppData\Roaming\npm;C:\Program Files\JetBrains\DataGrip 2024.3.5\bin;;C:\Program Files\liquibase;c:\Users\gabmo\AppData\Roaming\Code\User\globalStorage\github.copilot-chat\debugCommand;."/>
    <property name="java.vm.info" value="mixed mode, sharing"/>
    <property name="java.vendor" value="Oracle Corporation"/>
    <property name="java.vm.version" value="17.0.12+8-LTS-286"/>
    <property name="sun.io.unicode.encoding" value="UnicodeLittle"/>
    <property name="java.class.version" value="61.0"/>
  </properties>
  <testcase name="testSomaMenorQueOTerceiro(int, int, int)[1]" classname="br.edu.lab5.TrianguloTest" time="0.006"/>
  <testcase name="testSomaMenorQueOTerceiro(int, int, int)[2]" classname="br.edu.lab5.TrianguloTest" time="0.001"/>
  <testcase name="testSomaMenorQueOTerceiro(int, int, int)[3]" classname="br.edu.lab5.TrianguloTest" time="0.001"/>
  <testcase name="testConstrutorPrivado" classname="br.edu.lab5.TrianguloTest" time="0.001"/>
  <testcase name="testLadoZero(int, int, int)[1]" classname="br.edu.lab5.TrianguloTest" time="0.001"/>
  <testcase name="testLadoZero(int, int, int)[2]" classname="br.edu.lab5.TrianguloTest" time="0.0"/>
  <testcase name="testLadoZero(int, int, int)[3]" classname="br.edu.lab5.TrianguloTest" time="0.0"/>
  <testcase name="testLadoZero(int, int, int)[4]" classname="br.edu.lab5.TrianguloTest" time="0.001"/>
  <testcase name="testLadoNegativo" classname="br.edu.lab5.TrianguloTest" time="0.001"/>
  <testcase name="testTrianguloEquilateroValido" classname="br.edu.lab5.TrianguloTest" time="0.001"/>
  <testcase name="testTrianguloEscalenoValido" classname="br.edu.lab5.TrianguloTest" time="0.001"/>
  <testcase name="testTrianguloIsosceles(int, int, int)[1]" classname="br.edu.lab5.TrianguloTest" time="0.001"/>
  <testcase name="testTrianguloIsosceles(int, int, int)[2]" classname="br.edu.lab5.TrianguloTest" time="0.0"/>
  <testcase name="testTrianguloIsosceles(int, int, int)[3]" classname="br.edu.lab5.TrianguloTest" time="0.001"/>
  <testcase name="testSomaIgualAoTerceiro(int, int, int)[1]" classname="br.edu.lab5.TrianguloTest" time="0.001"/>
  <testcase name="testSomaIgualAoTerceiro(int, int, int)[2]" classname="br.edu.lab5.TrianguloTest" time="0.001"/>
  <testcase name="testSomaIgualAoTerceiro(int, int, int)[3]" classname="br.edu.lab5.TrianguloTest" time="0.001"/>
  <testcase name="testSomaIgualAoTerceiro(int, int, int)[4]" classname="br.edu.lab5.TrianguloTest" time="0.001"/>
  <testcase name="testSomaIgualAoTerceiro(int, int, int)[5]" classname="br.edu.lab5.TrianguloTest" time="0.0"/>
  <testcase name="testSomaIgualAoTerceiro(int, int, int)[6]" classname="br.edu.lab5.TrianguloTest" time="0.001"/>
</testsuite>